2018-04-17 00:37:32.092  INFO 6368 --- [restartedMain] cn.com.taiji.demo.DemoApplication        : Starting DemoApplication on DESKTOP-Q7S180D with PID 6368 (D:\project\demo\target\classes started by pengh in D:\project\demo)
2018-04-17 00:37:32.092  INFO 6368 --- [restartedMain] cn.com.taiji.demo.DemoApplication        : No active profile set, falling back to default profiles: default
2018-04-17 00:37:32.145  INFO 6368 --- [restartedMain] ConfigServletWebServerApplicationContext : Refreshing org.springframework.boot.web.servlet.context.AnnotationConfigServletWebServerApplicationContext@449e3c30: startup date [Tue Apr 17 00:37:32 CST 2018]; root of context hierarchy
2018-04-17 00:37:33.654  INFO 6368 --- [restartedMain] o.s.b.w.embedded.tomcat.TomcatWebServer  : Tomcat initialized with port(s): 8080 (http)
2018-04-17 00:37:33.684  INFO 6368 --- [restartedMain] o.apache.catalina.core.StandardService   : Starting service [Tomcat]
2018-04-17 00:37:33.684  INFO 6368 --- [restartedMain] org.apache.catalina.core.StandardEngine  : Starting Servlet Engine: Apache Tomcat/8.5.29
2018-04-17 00:37:33.692  INFO 6368 --- [localhost-startStop-1] o.a.catalina.core.AprLifecycleListener   : The APR based Apache Tomcat Native library which allows optimal performance in production environments was not found on the java.library.path: [C:\Program Files\Java\jdk1.8.0_65\bin;C:\Windows\Sun\Java\bin;C:\Windows\system32;C:\Windows;C:\Windows\system32;C:\Windows;C:\Windows\System32\Wbem;C:\Windows\System32\WindowsPowerShell\v1.0\;C:\Program Files\Java\jdk1.8.0_65\bin;C:\Program Files\Java\jdk1.8.0_65\jre\bin;D:\Program Files\apache-maven-3.5.3\bin;C:\ProgramData\Oracle\Java\javapath;C:\Program Files\TortoiseSVN\bin;C:\Users\pengh\AppData\Local\Microsoft\WindowsApps;;.]
2018-04-17 00:37:33.784  INFO 6368 --- [localhost-startStop-1] o.a.c.c.C.[Tomcat].[localhost].[/]       : Initializing Spring embedded WebApplicationContext
2018-04-17 00:37:33.784  INFO 6368 --- [localhost-startStop-1] o.s.web.context.ContextLoader            : Root WebApplicationContext: initialization completed in 1639 ms
2018-04-17 00:37:33.930  INFO 6368 --- [localhost-startStop-1] o.s.b.w.servlet.ServletRegistrationBean  : Servlet dispatcherServlet mapped to [/]
2018-04-17 00:37:33.930  INFO 6368 --- [localhost-startStop-1] o.s.b.w.servlet.FilterRegistrationBean   : Mapping filter: 'characterEncodingFilter' to: [/*]
2018-04-17 00:37:33.930  INFO 6368 --- [localhost-startStop-1] o.s.b.w.servlet.FilterRegistrationBean   : Mapping filter: 'hiddenHttpMethodFilter' to: [/*]
2018-04-17 00:37:33.930  INFO 6368 --- [localhost-startStop-1] o.s.b.w.servlet.FilterRegistrationBean   : Mapping filter: 'httpPutFormContentFilter' to: [/*]
2018-04-17 00:37:33.930  INFO 6368 --- [localhost-startStop-1] o.s.b.w.servlet.FilterRegistrationBean   : Mapping filter: 'requestContextFilter' to: [/*]
2018-04-17 00:37:34.416  INFO 6368 --- [restartedMain] o.s.w.s.handler.SimpleUrlHandlerMapping  : Mapped URL path [/**/favicon.ico] onto handler of type [class org.springframework.web.servlet.resource.ResourceHttpRequestHandler]
2018-04-17 00:37:34.656  INFO 6368 --- [restartedMain] s.w.s.m.m.a.RequestMappingHandlerAdapter : Looking for @ControllerAdvice: org.springframework.boot.web.servlet.context.AnnotationConfigServletWebServerApplicationContext@449e3c30: startup date [Tue Apr 17 00:37:32 CST 2018]; root of context hierarchy
2018-04-17 00:37:34.800  INFO 6368 --- [restartedMain] s.w.s.m.m.a.RequestMappingHandlerMapping : Mapped "{[/hello]}" onto public java.lang.String cn.com.taiji.demo.controller.DemoController.index()
2018-04-17 00:37:34.816  INFO 6368 --- [restartedMain] s.w.s.m.m.a.RequestMappingHandlerMapping : Mapped "{[/lottery/setting/downloadTemplate],methods=[GET]}" onto public void cn.com.taiji.demo.controller.LotteryController.downloadExcelTemplate(java.lang.String,javax.servlet.http.HttpServletRequest,javax.servlet.http.HttpServletResponse)
2018-04-17 00:37:34.816  INFO 6368 --- [restartedMain] s.w.s.m.m.a.RequestMappingHandlerMapping : Mapped "{[/lottery/setting/importNumbers],methods=[POST]}" onto public java.util.Map cn.com.taiji.demo.controller.LotteryController.importNumbers(org.springframework.web.multipart.MultipartFile,javax.servlet.http.HttpServletRequest,javax.servlet.http.HttpServletResponse)
2018-04-17 00:37:34.816  INFO 6368 --- [restartedMain] s.w.s.m.m.a.RequestMappingHandlerMapping : Mapped "{[/lottery/phoneNumber]}" onto public org.springframework.web.servlet.ModelAndView cn.com.taiji.demo.controller.LotteryController.lottery()
2018-04-17 00:37:34.816  INFO 6368 --- [restartedMain] s.w.s.m.m.a.RequestMappingHandlerMapping : Mapped "{[/lottery/setting/importUsers],methods=[POST]}" onto public java.util.Map cn.com.taiji.demo.controller.LotteryController.importUsers(org.springframework.web.multipart.MultipartFile,javax.servlet.http.HttpServletRequest,javax.servlet.http.HttpServletResponse)
2018-04-17 00:37:34.816  INFO 6368 --- [restartedMain] s.w.s.m.m.a.RequestMappingHandlerMapping : Mapped "{[/lottery/setting]}" onto public org.springframework.web.servlet.ModelAndView cn.com.taiji.demo.controller.LotteryController.setting()
2018-04-17 00:37:34.816  INFO 6368 --- [restartedMain] s.w.s.m.m.a.RequestMappingHandlerMapping : Mapped "{[/lottery/setting/users],methods=[GET]}" onto public cn.com.taiji.demo.util.PageInfo cn.com.taiji.demo.controller.LotteryController.getUsers(cn.com.taiji.demo.bean.User)
2018-04-17 00:37:34.816  INFO 6368 --- [restartedMain] s.w.s.m.m.a.RequestMappingHandlerMapping : Mapped "{[/error]}" onto public org.springframework.http.ResponseEntity<java.util.Map<java.lang.String, java.lang.Object>> org.springframework.boot.autoconfigure.web.servlet.error.BasicErrorController.error(javax.servlet.http.HttpServletRequest)
2018-04-17 00:37:34.816  INFO 6368 --- [restartedMain] s.w.s.m.m.a.RequestMappingHandlerMapping : Mapped "{[/error],produces=[text/html]}" onto public org.springframework.web.servlet.ModelAndView org.springframework.boot.autoconfigure.web.servlet.error.BasicErrorController.errorHtml(javax.servlet.http.HttpServletRequest,javax.servlet.http.HttpServletResponse)
2018-04-17 00:37:34.847  INFO 6368 --- [restartedMain] o.s.w.s.handler.SimpleUrlHandlerMapping  : Mapped URL path [/webjars/**] onto handler of type [class org.springframework.web.servlet.resource.ResourceHttpRequestHandler]
2018-04-17 00:37:34.847  INFO 6368 --- [restartedMain] o.s.w.s.handler.SimpleUrlHandlerMapping  : Mapped URL path [/**] onto handler of type [class org.springframework.web.servlet.resource.ResourceHttpRequestHandler]
2018-04-17 00:37:35.116  INFO 6368 --- [restartedMain] o.s.w.s.v.f.FreeMarkerConfigurer         : ClassTemplateLoader for Spring macros added to FreeMarker configuration
2018-04-17 00:37:35.272  INFO 6368 --- [restartedMain] o.s.b.d.a.OptionalLiveReloadServer       : LiveReload server is running on port 35729
2018-04-17 00:37:35.306  INFO 6368 --- [restartedMain] o.s.j.e.a.AnnotationMBeanExporter        : Registering beans for JMX exposure on startup
2018-04-17 00:37:35.370  INFO 6368 --- [restartedMain] o.s.b.w.embedded.tomcat.TomcatWebServer  : Tomcat started on port(s): 8080 (http) with context path ''
2018-04-17 00:37:35.377  INFO 6368 --- [restartedMain] cn.com.taiji.demo.DemoApplication        : Started DemoApplication in 3.733 seconds (JVM running for 4.395)
2018-04-17 00:38:04.081  INFO 6368 --- [http-nio-8080-exec-1] o.a.c.c.C.[Tomcat].[localhost].[/]       : Initializing Spring FrameworkServlet 'dispatcherServlet'
2018-04-17 00:38:04.081  INFO 6368 --- [http-nio-8080-exec-1] o.s.web.servlet.DispatcherServlet        : FrameworkServlet 'dispatcherServlet': initialization started
2018-04-17 00:38:04.099  INFO 6368 --- [http-nio-8080-exec-1] o.s.web.servlet.DispatcherServlet        : FrameworkServlet 'dispatcherServlet': initialization completed in 18 ms
2018-04-17 00:38:04.153 ERROR 6368 --- [http-nio-8080-exec-1] c.c.t.demo.controller.LotteryController  : 进入setting页面
2018-04-17 00:38:06.000 ERROR 6368 --- [http-nio-8080-exec-3] c.c.t.demo.controller.LotteryController  : 进入setting页面
2018-04-17 00:38:06.886 ERROR 6368 --- [http-nio-8080-exec-4] c.c.t.demo.controller.LotteryController  : 进入setting页面
2018-04-17 00:38:07.108 ERROR 6368 --- [http-nio-8080-exec-7] c.c.t.demo.controller.LotteryController  : 进入setting页面
2018-04-17 00:38:07.306 ERROR 6368 --- [http-nio-8080-exec-10] c.c.t.demo.controller.LotteryController  : 进入setting页面
2018-04-17 00:38:07.493 ERROR 6368 --- [http-nio-8080-exec-1] c.c.t.demo.controller.LotteryController  : 进入setting页面
2018-04-17 00:38:07.663 ERROR 6368 --- [http-nio-8080-exec-3] c.c.t.demo.controller.LotteryController  : 进入setting页面
2018-04-17 00:38:07.824 ERROR 6368 --- [http-nio-8080-exec-4] c.c.t.demo.controller.LotteryController  : 进入setting页面
2018-04-17 00:40:44.544  INFO 6368 --- [Thread-6] ConfigServletWebServerApplicationContext : Closing org.springframework.boot.web.servlet.context.AnnotationConfigServletWebServerApplicationContext@449e3c30: startup date [Tue Apr 17 00:37:32 CST 2018]; root of context hierarchy
2018-04-17 00:40:44.551  INFO 6368 --- [Thread-6] o.s.j.e.a.AnnotationMBeanExporter        : Unregistering JMX-exposed beans on shutdown
2018-04-17 00:40:44.918  INFO 6368 --- [restartedMain] cn.com.taiji.demo.DemoApplication        : Starting DemoApplication on DESKTOP-Q7S180D with PID 6368 (D:\project\demo\target\classes started by pengh in D:\project\demo)
2018-04-17 00:40:44.918  INFO 6368 --- [restartedMain] cn.com.taiji.demo.DemoApplication        : No active profile set, falling back to default profiles: default
2018-04-17 00:40:44.918  INFO 6368 --- [restartedMain] ConfigServletWebServerApplicationContext : Refreshing org.springframework.boot.web.servlet.context.AnnotationConfigServletWebServerApplicationContext@7e0d03dc: startup date [Tue Apr 17 00:40:44 CST 2018]; root of context hierarchy
2018-04-17 00:40:45.424  INFO 6368 --- [restartedMain] o.s.b.w.embedded.tomcat.TomcatWebServer  : Tomcat initialized with port(s): 8080 (http)
2018-04-17 00:40:45.425  INFO 6368 --- [restartedMain] o.apache.catalina.core.StandardService   : Starting service [Tomcat]
2018-04-17 00:40:45.426  INFO 6368 --- [restartedMain] org.apache.catalina.core.StandardEngine  : Starting Servlet Engine: Apache Tomcat/8.5.29
2018-04-17 00:40:45.498  INFO 6368 --- [localhost-startStop-1] o.a.c.c.C.[Tomcat].[localhost].[/]       : Initializing Spring embedded WebApplicationContext
2018-04-17 00:40:45.499  INFO 6368 --- [localhost-startStop-1] o.s.web.context.ContextLoader            : Root WebApplicationContext: initialization completed in 581 ms
2018-04-17 00:40:45.527  INFO 6368 --- [localhost-startStop-1] o.s.b.w.servlet.ServletRegistrationBean  : Servlet dispatcherServlet mapped to [/]
2018-04-17 00:40:45.528  INFO 6368 --- [localhost-startStop-1] o.s.b.w.servlet.FilterRegistrationBean   : Mapping filter: 'characterEncodingFilter' to: [/*]
2018-04-17 00:40:45.528  INFO 6368 --- [localhost-startStop-1] o.s.b.w.servlet.FilterRegistrationBean   : Mapping filter: 'hiddenHttpMethodFilter' to: [/*]
2018-04-17 00:40:45.528  INFO 6368 --- [localhost-startStop-1] o.s.b.w.servlet.FilterRegistrationBean   : Mapping filter: 'httpPutFormContentFilter' to: [/*]
2018-04-17 00:40:45.529  INFO 6368 --- [localhost-startStop-1] o.s.b.w.servlet.FilterRegistrationBean   : Mapping filter: 'requestContextFilter' to: [/*]
2018-04-17 00:40:45.704  INFO 6368 --- [restartedMain] o.s.w.s.handler.SimpleUrlHandlerMapping  : Mapped URL path [/**/favicon.ico] onto handler of type [class org.springframework.web.servlet.resource.ResourceHttpRequestHandler]
2018-04-17 00:40:45.817  INFO 6368 --- [restartedMain] s.w.s.m.m.a.RequestMappingHandlerAdapter : Looking for @ControllerAdvice: org.springframework.boot.web.servlet.context.AnnotationConfigServletWebServerApplicationContext@7e0d03dc: startup date [Tue Apr 17 00:40:44 CST 2018]; root of context hierarchy
2018-04-17 00:40:45.826  INFO 6368 --- [restartedMain] s.w.s.m.m.a.RequestMappingHandlerMapping : Mapped "{[/hello]}" onto public java.lang.String cn.com.taiji.demo.controller.DemoController.index()
2018-04-17 00:40:45.829  INFO 6368 --- [restartedMain] s.w.s.m.m.a.RequestMappingHandlerMapping : Mapped "{[/lottery/setting/downloadTemplate],methods=[GET]}" onto public void cn.com.taiji.demo.controller.LotteryController.downloadExcelTemplate(java.lang.String,javax.servlet.http.HttpServletRequest,javax.servlet.http.HttpServletResponse)
2018-04-17 00:40:45.830  INFO 6368 --- [restartedMain] s.w.s.m.m.a.RequestMappingHandlerMapping : Mapped "{[/lottery/setting/importNumbers],methods=[POST]}" onto public java.util.Map cn.com.taiji.demo.controller.LotteryController.importNumbers(org.springframework.web.multipart.MultipartFile,javax.servlet.http.HttpServletRequest,javax.servlet.http.HttpServletResponse)
2018-04-17 00:40:45.830  INFO 6368 --- [restartedMain] s.w.s.m.m.a.RequestMappingHandlerMapping : Mapped "{[/lottery/phoneNumber]}" onto public org.springframework.web.servlet.ModelAndView cn.com.taiji.demo.controller.LotteryController.lottery()
2018-04-17 00:40:45.830  INFO 6368 --- [restartedMain] s.w.s.m.m.a.RequestMappingHandlerMapping : Mapped "{[/lottery/setting/importUsers],methods=[POST]}" onto public java.util.Map cn.com.taiji.demo.controller.LotteryController.importUsers(org.springframework.web.multipart.MultipartFile,javax.servlet.http.HttpServletRequest,javax.servlet.http.HttpServletResponse)
2018-04-17 00:40:45.831  INFO 6368 --- [restartedMain] s.w.s.m.m.a.RequestMappingHandlerMapping : Mapped "{[/lottery/setting]}" onto public org.springframework.web.servlet.ModelAndView cn.com.taiji.demo.controller.LotteryController.setting()
2018-04-17 00:40:45.831  INFO 6368 --- [restartedMain] s.w.s.m.m.a.RequestMappingHandlerMapping : Mapped "{[/lottery/setting/users],methods=[GET]}" onto public cn.com.taiji.demo.util.PageInfo cn.com.taiji.demo.controller.LotteryController.getUsers(cn.com.taiji.demo.bean.User)
2018-04-17 00:40:45.833  INFO 6368 --- [restartedMain] s.w.s.m.m.a.RequestMappingHandlerMapping : Mapped "{[/error]}" onto public org.springframework.http.ResponseEntity<java.util.Map<java.lang.String, java.lang.Object>> org.springframework.boot.autoconfigure.web.servlet.error.BasicErrorController.error(javax.servlet.http.HttpServletRequest)
2018-04-17 00:40:45.834  INFO 6368 --- [restartedMain] s.w.s.m.m.a.RequestMappingHandlerMapping : Mapped "{[/error],produces=[text/html]}" onto public org.springframework.web.servlet.ModelAndView org.springframework.boot.autoconfigure.web.servlet.error.BasicErrorController.errorHtml(javax.servlet.http.HttpServletRequest,javax.servlet.http.HttpServletResponse)
2018-04-17 00:40:45.851  INFO 6368 --- [restartedMain] o.s.w.s.handler.SimpleUrlHandlerMapping  : Mapped URL path [/webjars/**] onto handler of type [class org.springframework.web.servlet.resource.ResourceHttpRequestHandler]
2018-04-17 00:40:45.852  INFO 6368 --- [restartedMain] o.s.w.s.handler.SimpleUrlHandlerMapping  : Mapped URL path [/**] onto handler of type [class org.springframework.web.servlet.resource.ResourceHttpRequestHandler]
2018-04-17 00:40:45.898  INFO 6368 --- [restartedMain] o.s.w.s.v.f.FreeMarkerConfigurer         : ClassTemplateLoader for Spring macros added to FreeMarker configuration
2018-04-17 00:40:45.957  INFO 6368 --- [restartedMain] o.s.b.d.a.OptionalLiveReloadServer       : LiveReload server is running on port 35729
2018-04-17 00:40:45.976  INFO 6368 --- [restartedMain] o.s.j.e.a.AnnotationMBeanExporter        : Registering beans for JMX exposure on startup
2018-04-17 00:40:45.995  INFO 6368 --- [restartedMain] o.s.b.w.embedded.tomcat.TomcatWebServer  : Tomcat started on port(s): 8080 (http) with context path ''
2018-04-17 00:40:45.998  INFO 6368 --- [restartedMain] cn.com.taiji.demo.DemoApplication        : Started DemoApplication in 1.117 seconds (JVM running for 195.016)
2018-04-17 00:40:46.006  INFO 6368 --- [restartedMain] .ConditionEvaluationDeltaLoggingListener : Condition evaluation unchanged
2018-04-17 00:40:48.880  INFO 6368 --- [Thread-10] ConfigServletWebServerApplicationContext : Closing org.springframework.boot.web.servlet.context.AnnotationConfigServletWebServerApplicationContext@7e0d03dc: startup date [Tue Apr 17 00:40:44 CST 2018]; root of context hierarchy
2018-04-17 00:40:48.880  INFO 6368 --- [Thread-10] o.s.j.e.a.AnnotationMBeanExporter        : Unregistering JMX-exposed beans on shutdown
2018-04-17 00:40:49.250  INFO 6368 --- [restartedMain] cn.com.taiji.demo.DemoApplication        : Starting DemoApplication on DESKTOP-Q7S180D with PID 6368 (D:\project\demo\target\classes started by pengh in D:\project\demo)
2018-04-17 00:40:49.250  INFO 6368 --- [restartedMain] cn.com.taiji.demo.DemoApplication        : No active profile set, falling back to default profiles: default
2018-04-17 00:40:49.250  INFO 6368 --- [restartedMain] ConfigServletWebServerApplicationContext : Refreshing org.springframework.boot.web.servlet.context.AnnotationConfigServletWebServerApplicationContext@c869a54: startup date [Tue Apr 17 00:40:49 CST 2018]; root of context hierarchy
2018-04-17 00:40:49.668  INFO 6368 --- [restartedMain] o.s.b.w.embedded.tomcat.TomcatWebServer  : Tomcat initialized with port(s): 8080 (http)
2018-04-17 00:40:49.669  INFO 6368 --- [restartedMain] o.apache.catalina.core.StandardService   : Starting service [Tomcat]
2018-04-17 00:40:49.669  INFO 6368 --- [restartedMain] org.apache.catalina.core.StandardEngine  : Starting Servlet Engine: Apache Tomcat/8.5.29
2018-04-17 00:40:49.685  INFO 6368 --- [localhost-startStop-1] o.a.c.c.C.[Tomcat].[localhost].[/]       : Initializing Spring embedded WebApplicationContext
2018-04-17 00:40:49.686  INFO 6368 --- [localhost-startStop-1] o.s.web.context.ContextLoader            : Root WebApplicationContext: initialization completed in 436 ms
2018-04-17 00:40:49.703  INFO 6368 --- [localhost-startStop-1] o.s.b.w.servlet.ServletRegistrationBean  : Servlet dispatcherServlet mapped to [/]
2018-04-17 00:40:49.704  INFO 6368 --- [localhost-startStop-1] o.s.b.w.servlet.FilterRegistrationBean   : Mapping filter: 'characterEncodingFilter' to: [/*]
2018-04-17 00:40:49.704  INFO 6368 --- [localhost-startStop-1] o.s.b.w.servlet.FilterRegistrationBean   : Mapping filter: 'hiddenHttpMethodFilter' to: [/*]
2018-04-17 00:40:49.704  INFO 6368 --- [localhost-startStop-1] o.s.b.w.servlet.FilterRegistrationBean   : Mapping filter: 'httpPutFormContentFilter' to: [/*]
2018-04-17 00:40:49.704  INFO 6368 --- [localhost-startStop-1] o.s.b.w.servlet.FilterRegistrationBean   : Mapping filter: 'requestContextFilter' to: [/*]
2018-04-17 00:40:49.747  INFO 6368 --- [restartedMain] o.s.w.s.handler.SimpleUrlHandlerMapping  : Mapped URL path [/**/favicon.ico] onto handler of type [class org.springframework.web.servlet.resource.ResourceHttpRequestHandler]
2018-04-17 00:40:49.794  INFO 6368 --- [restartedMain] s.w.s.m.m.a.RequestMappingHandlerAdapter : Looking for @ControllerAdvice: org.springframework.boot.web.servlet.context.AnnotationConfigServletWebServerApplicationContext@c869a54: startup date [Tue Apr 17 00:40:49 CST 2018]; root of context hierarchy
2018-04-17 00:40:49.801  INFO 6368 --- [restartedMain] s.w.s.m.m.a.RequestMappingHandlerMapping : Mapped "{[/hello]}" onto public java.lang.String cn.com.taiji.demo.controller.DemoController.index()
2018-04-17 00:40:49.803  INFO 6368 --- [restartedMain] s.w.s.m.m.a.RequestMappingHandlerMapping : Mapped "{[/lottery/setting/downloadTemplate],methods=[GET]}" onto public void cn.com.taiji.demo.controller.LotteryController.downloadExcelTemplate(java.lang.String,javax.servlet.http.HttpServletRequest,javax.servlet.http.HttpServletResponse)
2018-04-17 00:40:49.804  INFO 6368 --- [restartedMain] s.w.s.m.m.a.RequestMappingHandlerMapping : Mapped "{[/lottery/setting/importNumbers],methods=[POST]}" onto public java.util.Map cn.com.taiji.demo.controller.LotteryController.importNumbers(org.springframework.web.multipart.MultipartFile,javax.servlet.http.HttpServletRequest,javax.servlet.http.HttpServletResponse)
2018-04-17 00:40:49.804  INFO 6368 --- [restartedMain] s.w.s.m.m.a.RequestMappingHandlerMapping : Mapped "{[/lottery/phoneNumber]}" onto public org.springframework.web.servlet.ModelAndView cn.com.taiji.demo.controller.LotteryController.lottery()
2018-04-17 00:40:49.804  INFO 6368 --- [restartedMain] s.w.s.m.m.a.RequestMappingHandlerMapping : Mapped "{[/lottery/setting/importUsers],methods=[POST]}" onto public java.util.Map cn.com.taiji.demo.controller.LotteryController.importUsers(org.springframework.web.multipart.MultipartFile,javax.servlet.http.HttpServletRequest,javax.servlet.http.HttpServletResponse)
2018-04-17 00:40:49.804  INFO 6368 --- [restartedMain] s.w.s.m.m.a.RequestMappingHandlerMapping : Mapped "{[/lottery/setting]}" onto public org.springframework.web.servlet.ModelAndView cn.com.taiji.demo.controller.LotteryController.setting()
2018-04-17 00:40:49.804  INFO 6368 --- [restartedMain] s.w.s.m.m.a.RequestMappingHandlerMapping : Mapped "{[/lottery/setting/users],methods=[GET]}" onto public cn.com.taiji.demo.util.PageInfo cn.com.taiji.demo.controller.LotteryController.getUsers(cn.com.taiji.demo.bean.User)
2018-04-17 00:40:49.806  INFO 6368 --- [restartedMain] s.w.s.m.m.a.RequestMappingHandlerMapping : Mapped "{[/error]}" onto public org.springframework.http.ResponseEntity<java.util.Map<java.lang.String, java.lang.Object>> org.springframework.boot.autoconfigure.web.servlet.error.BasicErrorController.error(javax.servlet.http.HttpServletRequest)
2018-04-17 00:40:49.806  INFO 6368 --- [restartedMain] s.w.s.m.m.a.RequestMappingHandlerMapping : Mapped "{[/error],produces=[text/html]}" onto public org.springframework.web.servlet.ModelAndView org.springframework.boot.autoconfigure.web.servlet.error.BasicErrorController.errorHtml(javax.servlet.http.HttpServletRequest,javax.servlet.http.HttpServletResponse)
2018-04-17 00:40:49.814  INFO 6368 --- [restartedMain] o.s.w.s.handler.SimpleUrlHandlerMapping  : Mapped URL path [/webjars/**] onto handler of type [class org.springframework.web.servlet.resource.ResourceHttpRequestHandler]
2018-04-17 00:40:49.815  INFO 6368 --- [restartedMain] o.s.w.s.handler.SimpleUrlHandlerMapping  : Mapped URL path [/**] onto handler of type [class org.springframework.web.servlet.resource.ResourceHttpRequestHandler]
2018-04-17 00:40:49.849  INFO 6368 --- [restartedMain] o.s.w.s.v.f.FreeMarkerConfigurer         : ClassTemplateLoader for Spring macros added to FreeMarker configuration
2018-04-17 00:40:49.879  INFO 6368 --- [restartedMain] o.s.b.d.a.OptionalLiveReloadServer       : LiveReload server is running on port 35729
2018-04-17 00:40:49.894  INFO 6368 --- [restartedMain] o.s.j.e.a.AnnotationMBeanExporter        : Registering beans for JMX exposure on startup
2018-04-17 00:40:49.905  INFO 6368 --- [restartedMain] o.s.b.w.embedded.tomcat.TomcatWebServer  : Tomcat started on port(s): 8080 (http) with context path ''
2018-04-17 00:40:49.906  INFO 6368 --- [restartedMain] cn.com.taiji.demo.DemoApplication        : Started DemoApplication in 0.707 seconds (JVM running for 198.924)
2018-04-17 00:40:49.907  INFO 6368 --- [restartedMain] .ConditionEvaluationDeltaLoggingListener : Condition evaluation unchanged
2018-04-17 00:40:59.894  INFO 6368 --- [Thread-16] ConfigServletWebServerApplicationContext : Closing org.springframework.boot.web.servlet.context.AnnotationConfigServletWebServerApplicationContext@c869a54: startup date [Tue Apr 17 00:40:49 CST 2018]; root of context hierarchy
2018-04-17 00:40:59.896  INFO 6368 --- [Thread-16] o.s.j.e.a.AnnotationMBeanExporter        : Unregistering JMX-exposed beans on shutdown
2018-04-17 00:41:00.207 ERROR 6368 --- [restartedMain] o.s.b.c.l.LoggingApplicationListener     : Cannot set level:  for 'null'
2018-04-17 00:41:00.207  INFO 6368 --- [restartedMain] cn.com.taiji.demo.DemoApplication        : Starting DemoApplication on DESKTOP-Q7S180D with PID 6368 (D:\project\demo\target\classes started by pengh in D:\project\demo)
2018-04-17 00:41:00.207  INFO 6368 --- [restartedMain] cn.com.taiji.demo.DemoApplication        : No active profile set, falling back to default profiles: default
2018-04-17 00:41:00.207  INFO 6368 --- [restartedMain] ConfigServletWebServerApplicationContext : Refreshing org.springframework.boot.web.servlet.context.AnnotationConfigServletWebServerApplicationContext@60b034ca: startup date [Tue Apr 17 00:41:00 CST 2018]; root of context hierarchy
2018-04-17 00:41:00.538  INFO 6368 --- [restartedMain] o.s.b.w.embedded.tomcat.TomcatWebServer  : Tomcat initialized with port(s): 8080 (http)
2018-04-17 00:41:00.539  INFO 6368 --- [restartedMain] o.apache.catalina.core.StandardService   : Starting service [Tomcat]
2018-04-17 00:41:00.539  INFO 6368 --- [restartedMain] org.apache.catalina.core.StandardEngine  : Starting Servlet Engine: Apache Tomcat/8.5.29
2018-04-17 00:41:00.556  INFO 6368 --- [localhost-startStop-1] o.a.c.c.C.[Tomcat].[localhost].[/]       : Initializing Spring embedded WebApplicationContext
2018-04-17 00:41:00.557  INFO 6368 --- [localhost-startStop-1] o.s.web.context.ContextLoader            : Root WebApplicationContext: initialization completed in 350 ms
2018-04-17 00:41:00.573  INFO 6368 --- [localhost-startStop-1] o.s.b.w.servlet.ServletRegistrationBean  : Servlet dispatcherServlet mapped to [/]
2018-04-17 00:41:00.575  INFO 6368 --- [localhost-startStop-1] o.s.b.w.servlet.FilterRegistrationBean   : Mapping filter: 'characterEncodingFilter' to: [/*]
2018-04-17 00:41:00.575  INFO 6368 --- [localhost-startStop-1] o.s.b.w.servlet.FilterRegistrationBean   : Mapping filter: 'hiddenHttpMethodFilter' to: [/*]
2018-04-17 00:41:00.575  INFO 6368 --- [localhost-startStop-1] o.s.b.w.servlet.FilterRegistrationBean   : Mapping filter: 'httpPutFormContentFilter' to: [/*]
2018-04-17 00:41:00.575  INFO 6368 --- [localhost-startStop-1] o.s.b.w.servlet.FilterRegistrationBean   : Mapping filter: 'requestContextFilter' to: [/*]
2018-04-17 00:41:00.621  INFO 6368 --- [restartedMain] o.s.w.s.handler.SimpleUrlHandlerMapping  : Mapped URL path [/**/favicon.ico] onto handler of type [class org.springframework.web.servlet.resource.ResourceHttpRequestHandler]
2018-04-17 00:41:00.672  INFO 6368 --- [restartedMain] s.w.s.m.m.a.RequestMappingHandlerAdapter : Looking for @ControllerAdvice: org.springframework.boot.web.servlet.context.AnnotationConfigServletWebServerApplicationContext@60b034ca: startup date [Tue Apr 17 00:41:00 CST 2018]; root of context hierarchy
2018-04-17 00:41:00.672  INFO 6368 --- [restartedMain] s.w.s.m.m.a.RequestMappingHandlerMapping : Mapped "{[/hello]}" onto public java.lang.String cn.com.taiji.demo.controller.DemoController.index()
2018-04-17 00:41:00.672  INFO 6368 --- [restartedMain] s.w.s.m.m.a.RequestMappingHandlerMapping : Mapped "{[/lottery/setting/downloadTemplate],methods=[GET]}" onto public void cn.com.taiji.demo.controller.LotteryController.downloadExcelTemplate(java.lang.String,javax.servlet.http.HttpServletRequest,javax.servlet.http.HttpServletResponse)
2018-04-17 00:41:00.672  INFO 6368 --- [restartedMain] s.w.s.m.m.a.RequestMappingHandlerMapping : Mapped "{[/lottery/setting/importNumbers],methods=[POST]}" onto public java.util.Map cn.com.taiji.demo.controller.LotteryController.importNumbers(org.springframework.web.multipart.MultipartFile,javax.servlet.http.HttpServletRequest,javax.servlet.http.HttpServletResponse)
2018-04-17 00:41:00.672  INFO 6368 --- [restartedMain] s.w.s.m.m.a.RequestMappingHandlerMapping : Mapped "{[/lottery/phoneNumber]}" onto public org.springframework.web.servlet.ModelAndView cn.com.taiji.demo.controller.LotteryController.lottery()
2018-04-17 00:41:00.672  INFO 6368 --- [restartedMain] s.w.s.m.m.a.RequestMappingHandlerMapping : Mapped "{[/lottery/setting/importUsers],methods=[POST]}" onto public java.util.Map cn.com.taiji.demo.controller.LotteryController.importUsers(org.springframework.web.multipart.MultipartFile,javax.servlet.http.HttpServletRequest,javax.servlet.http.HttpServletResponse)
2018-04-17 00:41:00.672  INFO 6368 --- [restartedMain] s.w.s.m.m.a.RequestMappingHandlerMapping : Mapped "{[/lottery/setting]}" onto public org.springframework.web.servlet.ModelAndView cn.com.taiji.demo.controller.LotteryController.setting()
2018-04-17 00:41:00.672  INFO 6368 --- [restartedMain] s.w.s.m.m.a.RequestMappingHandlerMapping : Mapped "{[/lottery/setting/users],methods=[GET]}" onto public cn.com.taiji.demo.util.PageInfo cn.com.taiji.demo.controller.LotteryController.getUsers(cn.com.taiji.demo.bean.User)
2018-04-17 00:41:00.672  INFO 6368 --- [restartedMain] s.w.s.m.m.a.RequestMappingHandlerMapping : Mapped "{[/error]}" onto public org.springframework.http.ResponseEntity<java.util.Map<java.lang.String, java.lang.Object>> org.springframework.boot.autoconfigure.web.servlet.error.BasicErrorController.error(javax.servlet.http.HttpServletRequest)
2018-04-17 00:41:00.672  INFO 6368 --- [restartedMain] s.w.s.m.m.a.RequestMappingHandlerMapping : Mapped "{[/error],produces=[text/html]}" onto public org.springframework.web.servlet.ModelAndView org.springframework.boot.autoconfigure.web.servlet.error.BasicErrorController.errorHtml(javax.servlet.http.HttpServletRequest,javax.servlet.http.HttpServletResponse)
2018-04-17 00:41:00.687  INFO 6368 --- [restartedMain] o.s.w.s.handler.SimpleUrlHandlerMapping  : Mapped URL path [/webjars/**] onto handler of type [class org.springframework.web.servlet.resource.ResourceHttpRequestHandler]
2018-04-17 00:41:00.687  INFO 6368 --- [restartedMain] o.s.w.s.handler.SimpleUrlHandlerMapping  : Mapped URL path [/**] onto handler of type [class org.springframework.web.servlet.resource.ResourceHttpRequestHandler]
2018-04-17 00:41:00.719  INFO 6368 --- [restartedMain] o.s.w.s.v.f.FreeMarkerConfigurer         : ClassTemplateLoader for Spring macros added to FreeMarker configuration
2018-04-17 00:41:00.759  INFO 6368 --- [restartedMain] o.s.b.d.a.OptionalLiveReloadServer       : LiveReload server is running on port 35729
2018-04-17 00:41:00.766  INFO 6368 --- [restartedMain] o.s.j.e.a.AnnotationMBeanExporter        : Registering beans for JMX exposure on startup
2018-04-17 00:41:00.778  INFO 6368 --- [restartedMain] o.s.b.w.embedded.tomcat.TomcatWebServer  : Tomcat started on port(s): 8080 (http) with context path ''
2018-04-17 00:41:00.779  INFO 6368 --- [restartedMain] cn.com.taiji.demo.DemoApplication        : Started DemoApplication in 0.588 seconds (JVM running for 209.798)
2018-04-17 00:41:00.781  INFO 6368 --- [restartedMain] .ConditionEvaluationDeltaLoggingListener : Condition evaluation unchanged
2018-04-17 00:42:46.351  INFO 6368 --- [Thread-22] ConfigServletWebServerApplicationContext : Closing org.springframework.boot.web.servlet.context.AnnotationConfigServletWebServerApplicationContext@60b034ca: startup date [Tue Apr 17 00:41:00 CST 2018]; root of context hierarchy
2018-04-17 00:42:46.351  INFO 6368 --- [Thread-22] o.s.j.e.a.AnnotationMBeanExporter        : Unregistering JMX-exposed beans on shutdown
